   Compiling proc-macro2 v1.0.106
   Compiling quote v1.0.44
   Compiling unicode-ident v1.0.22
   Compiling serde v1.0.228
   Compiling libc v0.2.180
   Compiling cfg-if v1.0.4
   Compiling serde_core v1.0.228
   Compiling pin-project-lite v0.2.16
   Compiling once_cell v1.21.3
   Compiling bytes v1.11.1
   Compiling futures-core v0.3.31
   Compiling parking_lot_core v0.9.12
   Compiling scopeguard v1.2.0
   Compiling itoa v1.0.17
   Compiling log v0.4.29
   Compiling memchr v2.8.0
   Compiling slab v0.4.12
   Compiling futures-io v0.3.31
   Compiling futures-task v0.3.31
   Compiling pin-utils v0.1.0
   Compiling futures-sink v0.3.31
   Compiling lock_api v0.4.14
   Compiling equivalent v1.0.2
   Compiling autocfg v1.5.0
   Compiling zmij v1.0.19
   Compiling serde_json v1.0.149
   Compiling hashbrown v0.16.1
   Compiling bitflags v2.10.0
   Compiling percent-encoding v2.3.2
   Compiling find-msvc-tools v0.1.9
   Compiling tracing-core v0.1.36
   Compiling shlex v1.3.0
   Compiling stable_deref_trait v1.2.1
   Compiling zeroize v1.8.2
   Compiling getrandom v0.3.4
   Compiling subtle v2.6.1
   Compiling iana-time-zone v0.1.65
   Compiling thiserror v2.0.18
   Compiling untrusted v0.9.0
   Compiling cc v1.2.55
   Compiling zerocopy v0.8.39
   Compiling writeable v0.6.2
   Compiling rustls-pki-types v1.14.0
   Compiling litemap v0.8.1
   Compiling icu_normalizer_data v2.1.1
   Compiling futures-channel v0.3.31
   Compiling num-traits v0.2.19
   Compiling version_check v0.9.5
   Compiling typenum v1.19.0
   Compiling signal-hook v0.3.18
   Compiling icu_properties_data v2.1.2
   Compiling rustix v0.38.44
   Compiling indexmap v2.13.0
   Compiling base64 v0.22.1
   Compiling form_urlencoded v1.2.2
   Compiling linux-raw-sys v0.4.15
   Compiling rustls v0.23.36
   Compiling http v1.4.0
   Compiling generic-array v0.14.7
   Compiling fnv v1.0.7
   Compiling heck v0.5.0
   Compiling utf8_iter v1.0.4
   Compiling tower-service v0.3.3
   Compiling allocator-api2 v0.2.21
   Compiling foldhash v0.1.5
   Compiling syn v2.0.114
   Compiling anyhow v1.0.101
   Compiling webpki-roots v1.0.6
   Compiling crossbeam-utils v0.8.21
   Compiling rustversion v1.0.22
   Compiling httparse v1.10.1
   Compiling parking v2.2.1
   Compiling cpufeatures v0.2.17
   Compiling socket2 v0.6.2
   Compiling errno v0.3.14
   Compiling mio v1.1.1
   Compiling signal-hook-registry v1.4.8
   Compiling getrandom v0.2.17
   Compiling hashbrown v0.15.5
   Compiling rand_core v0.6.4
   Compiling crc-catalog v2.4.0
   Compiling try-lock v0.2.5
   Compiling tower-layer v0.3.3
   Compiling tinyvec_macros v0.1.1
   Compiling atomic-waker v1.1.2
   Compiling tinyvec v1.10.0
   Compiling want v0.3.1
   Compiling crc v3.4.0
   Compiling signal-hook-mio v0.2.5
   Compiling http-body v1.0.1
   Compiling webpki-roots v0.26.11
   Compiling sync_wrapper v1.0.2
   Compiling httpdate v1.0.3
   Compiling concurrent-queue v2.5.0
   Compiling hashlink v0.10.0
   Compiling ring v0.17.14
   Compiling block-buffer v0.10.4
   Compiling crypto-common v0.1.7
   Compiling unicode-normalization v0.1.25
   Compiling ipnet v2.11.0
   Compiling ryu v1.0.22
   Compiling unicode-bidi v0.3.18
   Compiling unicode-properties v0.1.4
   Compiling futures-util v0.3.31
   Compiling digest v0.10.7
   Compiling event-listener v5.4.1
   Compiling http-body-util v0.1.3
   Compiling tokio v1.49.0
   Compiling crossbeam-queue v0.3.12
   Compiling chrono v0.4.43
   Compiling sha2 v0.10.9
   Compiling hmac v0.12.1
   Compiling md-5 v0.10.6
   Compiling atoi v2.0.0
   Compiling hkdf v0.12.4
   Compiling uuid v1.20.0
   Compiling dotenvy v0.15.7
   Compiling stringprep v0.1.5
   Compiling byteorder v1.5.0
   Compiling whoami v1.6.1
   Compiling home v0.5.11
   Compiling hex v0.4.3
   Compiling mime v0.3.17
   Compiling indexmap v1.9.3
   Compiling thiserror v1.0.69
   Compiling crc32fast v1.5.0
   Compiling hashbrown v0.12.3
   Compiling adler2 v2.0.1
   Compiling simd-adler32 v0.3.8
   Compiling matchit v0.7.3
   Compiling socket2 v0.5.10
   Compiling rustls-pemfile v2.2.0
   Compiling regex-syntax v0.8.9
   Compiling miniz_oxide v0.8.9
   Compiling glob v0.3.3
   Compiling lazy_static v1.5.0
   Compiling tracing-log v0.2.0
   Compiling thread_local v1.1.9
   Compiling prometheus-client v0.23.1
   Compiling sharded-slab v0.1.7
   Compiling nu-ansi-term v0.50.3
   Compiling dtoa v1.0.11
   Compiling iri-string v0.7.10
   Compiling rustix v1.1.3
   Compiling linux-raw-sys v0.11.0
   Compiling fastrand v2.3.0
   Compiling flate2 v1.1.9
   Compiling strsim v0.11.1
   Compiling ident_case v1.0.1
   Compiling utf8parse v0.2.2
   Compiling toml_write v0.1.2
   Compiling winnow v0.7.14
   Compiling prettyplease v0.2.37
   Compiling anstyle-parse v0.2.7
   Compiling paste v1.0.15
   Compiling colorchoice v1.0.4
   Compiling anstyle-query v1.1.5
   Compiling is_terminal_polyfill v1.70.2
   Compiling anstyle v1.0.13
   Compiling fixedbitset v0.5.7
   Compiling castaway v0.2.4
   Compiling owo-colors v4.2.3
   Compiling clap_lex v0.7.7
   Compiling static_assertions v1.1.0
   Compiling multimap v0.10.1
   Compiling unicode-segmentation v1.12.0
   Compiling unicode-width v0.1.14
   Compiling ppv-lite86 v0.2.21
   Compiling anstream v0.6.21
   Compiling petgraph v0.7.1
   Compiling indoc v2.0.7
   Compiling compact_str v0.8.1
   Compiling lru v0.12.5
   Compiling yarli-integration-tests v0.0.0 (/home/rahul/Documents/worktree/yarli/run-019c634e-cd7e-7aa3-ac4b-d8ddeff4d643/001-tranche-005-card-r8-05/tests/integration)
   Compiling protoc-bin-vendored-linux-x86_64 v3.2.0
   Compiling protoc-bin-vendored-linux-ppcle_64 v3.2.0
   Compiling protoc-bin-vendored-win32 v3.2.0
   Compiling regex-automata v0.4.14
   Compiling clap_builder v4.5.57
   Compiling yarli-cli v0.1.0 (/home/rahul/Documents/worktree/yarli/run-019c634e-cd7e-7aa3-ac4b-d8ddeff4d643/001-tranche-005-card-r8-05/crates/yarli-cli)
   Compiling protoc-bin-vendored-linux-x86_32 v3.2.0
   Compiling synstructure v0.13.2
   Compiling rand_chacha v0.3.1
   Compiling darling_core v0.20.11
   Compiling unicode-width v0.2.0
   Compiling protoc-bin-vendored-linux-aarch_64 v3.2.0
   Compiling rand v0.8.5
   Compiling protoc-bin-vendored-macos-x86_64 v3.2.0
   Compiling cassowary v0.3.0
   Compiling protoc-bin-vendored-linux-s390_64 v3.2.0
   Compiling protoc-bin-vendored-macos-aarch_64 v3.2.0
   Compiling protoc-bin-vendored v3.2.0
   Compiling option-ext v0.2.0
   Compiling hashbrown v0.14.5
   Compiling tempfile v3.24.0
   Compiling dirs-sys v0.4.1
   Compiling assert_matches v1.5.0
   Compiling directories v5.0.1
   Compiling matchit v0.8.4
   Compiling tokio-stream v0.1.18
   Compiling serde_derive v1.0.228
   Compiling tracing-attributes v0.1.31
   Compiling futures-macro v0.3.31
   Compiling tokio-macros v2.6.0
   Compiling zerofrom-derive v0.1.6
   Compiling yoke-derive v0.8.1
   Compiling zerovec-derive v0.11.2
   Compiling displaydoc v0.2.5
   Compiling thiserror-impl v2.0.18
   Compiling async-trait v0.1.89
   Compiling thiserror-impl v1.0.69
   Compiling pin-project-internal v1.1.10
   Compiling async-stream-impl v0.3.6
   Compiling matchers v0.2.0
   Compiling prometheus-client-derive-encode v0.4.2
   Compiling darling_macro v0.20.11
   Compiling regex v1.12.3
   Compiling strum_macros v0.26.4
   Compiling clap_derive v4.5.55
   Compiling async-stream v0.3.6
   Compiling darling v0.20.11
   Compiling instability v0.3.7
   Compiling rustls-webpki v0.103.9
   Compiling tracing v0.1.44
   Compiling zerofrom v0.1.6
   Compiling pin-project v1.1.10
   Compiling opentelemetry v0.27.1
   Compiling yoke v0.8.1
   Compiling axum-core v0.5.6
   Compiling zerovec v0.11.5
   Compiling zerotrie v0.2.3
   Compiling strum v0.26.3
   Compiling clap v4.5.57
   Compiling tinystr v0.8.2
   Compiling potential_utf v0.1.4
   Compiling icu_collections v2.1.1
   Compiling icu_locale_core v2.1.1
   Compiling smallvec v1.15.1
   Compiling either v1.15.0
   Compiling serde_urlencoded v0.7.1
   Compiling serde_path_to_error v0.1.17
   Compiling tracing-serde v0.2.0
   Compiling serde_spanned v0.6.9
   Compiling toml_datetime v0.6.11
   Compiling tracing-subscriber v0.3.22
   Compiling toml_edit v0.22.27
   Compiling itertools v0.14.0
   Compiling itertools v0.13.0
   Compiling parking_lot v0.12.5
   Compiling dashmap v6.1.0
   Compiling icu_provider v2.1.1
   Compiling axum-core v0.4.5
   Compiling futures-executor v0.3.31
   Compiling crossterm v0.28.1
   Compiling futures-intrusive v0.5.0
   Compiling icu_properties v2.1.2
   Compiling icu_normalizer v2.1.1
   Compiling opentelemetry_sdk v0.27.1
   Compiling prost-derive v0.13.5
   Compiling unicode-truncate v1.1.0
   Compiling ratatui v0.29.0
   Compiling idna_adapter v1.2.1
   Compiling toml v0.8.23
   Compiling idna v1.1.0
   Compiling url v2.5.8
   Compiling sqlx-core v0.8.6
   Compiling prost v0.13.5
   Compiling prost-types v0.13.5
   Compiling prost-build v0.13.5
   Compiling tokio-util v0.7.18
   Compiling tower v0.5.3
   Compiling tokio-rustls v0.26.4
   Compiling tonic-build v0.12.3
   Compiling sqlx-postgres v0.8.6
   Compiling tower-http v0.6.8
   Compiling yarli-core v0.1.0 (/home/rahul/Documents/worktree/yarli/run-019c634e-cd7e-7aa3-ac4b-d8ddeff4d643/001-tranche-005-card-r8-05/crates/yarli-core)
   Compiling h2 v0.4.13
   Compiling tower v0.4.13
   Compiling sw4rm-sdk v0.4.0
   Compiling yarli-policy v0.1.0 (/home/rahul/Documents/worktree/yarli/run-019c634e-cd7e-7aa3-ac4b-d8ddeff4d643/001-tranche-005-card-r8-05/crates/yarli-policy)
   Compiling yarli-memory v0.1.0 (/home/rahul/Documents/worktree/yarli/run-019c634e-cd7e-7aa3-ac4b-d8ddeff4d643/001-tranche-005-card-r8-05/crates/yarli-memory)
   Compiling sqlx-macros-core v0.8.6
   Compiling hyper v1.8.1
   Compiling sqlx-macros v0.8.6
   Compiling hyper-util v0.1.20
   Compiling sqlx v0.8.6
   Compiling hyper-timeout v0.5.2
   Compiling axum v0.7.9
   Compiling hyper-rustls v0.27.7
   Compiling axum v0.8.8
   Compiling yarli-store v0.1.0 (/home/rahul/Documents/worktree/yarli/run-019c634e-cd7e-7aa3-ac4b-d8ddeff4d643/001-tranche-005-card-r8-05/crates/yarli-store)
   Compiling reqwest v0.12.28
   Compiling yarli-gates v0.1.0 (/home/rahul/Documents/worktree/yarli/run-019c634e-cd7e-7aa3-ac4b-d8ddeff4d643/001-tranche-005-card-r8-05/crates/yarli-gates)
   Compiling tonic v0.12.3
   Compiling opentelemetry-proto v0.27.0
   Compiling opentelemetry-otlp v0.27.0
   Compiling yarli-observability v0.1.0 (/home/rahul/Documents/worktree/yarli/run-019c634e-cd7e-7aa3-ac4b-d8ddeff4d643/001-tranche-005-card-r8-05/crates/yarli-observability)
   Compiling yarli-exec v0.1.0 (/home/rahul/Documents/worktree/yarli/run-019c634e-cd7e-7aa3-ac4b-d8ddeff4d643/001-tranche-005-card-r8-05/crates/yarli-exec)
   Compiling yarli-queue v0.1.0 (/home/rahul/Documents/worktree/yarli/run-019c634e-cd7e-7aa3-ac4b-d8ddeff4d643/001-tranche-005-card-r8-05/crates/yarli-queue)
   Compiling yarli-git v0.1.0 (/home/rahul/Documents/worktree/yarli/run-019c634e-cd7e-7aa3-ac4b-d8ddeff4d643/001-tranche-005-card-r8-05/crates/yarli-git)
   Compiling yarli-api v0.1.0 (/home/rahul/Documents/worktree/yarli/run-019c634e-cd7e-7aa3-ac4b-d8ddeff4d643/001-tranche-005-card-r8-05/crates/yarli-api)
   Compiling yarli-sw4rm v0.1.0 (/home/rahul/Documents/worktree/yarli/run-019c634e-cd7e-7aa3-ac4b-d8ddeff4d643/001-tranche-005-card-r8-05/crates/yarli-sw4rm)
warning: constant `INIT_CONFIG_TEMPLATE` is never used
   --> crates/yarli-cli/src/cli.rs:186:7
    |
186 | const INIT_CONFIG_TEMPLATE: &str = r#"# YARLI runtime configuration
    |       ^^^^^^^^^^^^^^^^^^^^
    |
    = note: `#[warn(dead_code)]` on by default

warning: function `init_config_template` is never used
   --> crates/yarli-cli/src/cli.rs:368:15
    |
368 | pub(crate) fn init_config_template(backend: Option<InitBackend>) -> String {
    |               ^^^^^^^^^^^^^^^^^^^^

warning: function `replace_between` is never used
   --> crates/yarli-cli/src/cli.rs:452:15
    |
452 | pub(crate) fn replace_between(haystack: &str, begin: &str, end: &str, replacement: &str) -> String {
    |               ^^^^^^^^^^^^^^^

warning: function `cmd_init` is never used
  --> crates/yarli-cli/src/config.rs:15:15
   |
15 | pub(crate) fn cmd_init(
   |               ^^^^^^^^

warning: struct `CliInvocationConfig` is never constructed
  --> crates/yarli-cli/src/config.rs:51:19
   |
51 | pub(crate) struct CliInvocationConfig {
   |                   ^^^^^^^^^^^^^^^^^^^

warning: struct `AutoAdvanceConfig` is never constructed
  --> crates/yarli-cli/src/config.rs:59:19
   |
59 | pub(crate) struct AutoAdvanceConfig {
   |                   ^^^^^^^^^^^^^^^^^

warning: associated items `from_loaded` and `max_reached` are never used
  --> crates/yarli-cli/src/config.rs:65:19
   |
64 | impl AutoAdvanceConfig {
   | ---------------------- associated items in this implementation
65 |     pub(crate) fn from_loaded(loaded_config: &LoadedConfig) -> Self {
   |                   ^^^^^^^^^^^
...
72 |     pub(crate) fn max_reached(self, advances_taken: usize) -> bool {
   |                   ^^^^^^^^^^^

warning: function `configured_parallel_worktree_root` is never used
  --> crates/yarli-cli/src/config.rs:77:15
   |
77 | pub(crate) fn configured_parallel_worktree_root(loaded_config: &LoadedConfig) -> Option<String> {
   |               ^^^^^^^^^^^^^^^^^^^^^^^^^^^^^^^^^

warning: function `resolve_path_from_cwd` is never used
  --> crates/yarli-cli/src/config.rs:88:4
   |
88 | fn resolve_path_from_cwd(path: &Path) -> Result<PathBuf> {
   |    ^^^^^^^^^^^^^^^^^^^^^

warning: function `home_directory_for_expansion` is never used
  --> crates/yarli-cli/src/config.rs:98:4
   |
98 | fn home_directory_for_expansion() -> Option<PathBuf> {
   |    ^^^^^^^^^^^^^^^^^^^^^^^^^^^^

warning: function `is_env_var_name_start` is never used
   --> crates/yarli-cli/src/config.rs:111:4
    |
111 | fn is_env_var_name_start(ch: char) -> bool {
    |    ^^^^^^^^^^^^^^^^^^^^^

warning: function `is_env_var_name_continue` is never used
   --> crates/yarli-cli/src/config.rs:115:4
    |
115 | fn is_env_var_name_continue(ch: char) -> bool {
    |    ^^^^^^^^^^^^^^^^^^^^^^^^

warning: function `expand_env_variables` is never used
   --> crates/yarli-cli/src/config.rs:119:4
    |
119 | fn expand_env_variables(raw: &str) -> String {
    |    ^^^^^^^^^^^^^^^^^^^^

warning: function `expand_home_prefix` is never used
   --> crates/yarli-cli/src/config.rs:213:4
    |
213 | fn expand_home_prefix(path: &str) -> Result<PathBuf> {
    |    ^^^^^^^^^^^^^^^^^^

warning: function `resolve_execution_path_from_cwd` is never used
   --> crates/yarli-cli/src/config.rs:232:15
    |
232 | pub(crate) fn resolve_execution_path_from_cwd(
    |               ^^^^^^^^^^^^^^^^^^^^^^^^^^^^^^^

warning: function `ensure_parallel_workspace_contract` is never used
   --> crates/yarli-cli/src/config.rs:256:15
    |
256 | pub(crate) fn ensure_parallel_workspace_contract(loaded_config: &LoadedConfig) -> Result<()> {
    |               ^^^^^^^^^^^^^^^^^^^^^^^^^^^^^^^^^^

warning: function `default_cli_command_for_backend` is never used
   --> crates/yarli-cli/src/config.rs:271:4
    |
271 | fn default_cli_command_for_backend(backend: &str) -> Option<String> {
    |    ^^^^^^^^^^^^^^^^^^^^^^^^^^^^^^^

warning: function `resolve_cli_invocation_config` is never used
   --> crates/yarli-cli/src/config.rs:280:15
    |
280 | pub(crate) fn resolve_cli_invocation_config(
    |               ^^^^^^^^^^^^^^^^^^^^^^^^^^^^^

warning: function `is_valid_env_var_name` is never used
   --> crates/yarli-cli/src/config.rs:320:4
    |
320 | fn is_valid_env_var_name(name: &str) -> bool {
    |    ^^^^^^^^^^^^^^^^^^^^^

warning: function `shell_quote` is never used
   --> crates/yarli-cli/src/config.rs:331:4
    |
331 | fn shell_quote(value: &str) -> String {
    |    ^^^^^^^^^^^

warning: function `build_cli_command` is never used
   --> crates/yarli-cli/src/config.rs:339:15
    |
339 | pub(crate) fn build_cli_command(invocation: &CliInvocationConfig, prompt_text: &str) -> String {
    |               ^^^^^^^^^^^^^^^^^

warning: struct `AutoAdvanceConfig` is never constructed
  --> crates/yarli-cli/src/config.rs:59:19
   |
59 | pub(crate) struct AutoAdvanceConfig {
   |                   ^^^^^^^^^^^^^^^^^
   |
   = note: `#[warn(dead_code)]` on by default

warning: function `make_renderer_and_channel` is never used
   --> crates/yarli-cli/src/stream/headless.rs:253:8
    |
253 |     fn make_renderer_and_channel() -> (HeadlessRenderer, mpsc::UnboundedSender<StreamEvent>) {
    |        ^^^^^^^^^^^^^^^^^^^^^^^^^

warning: `yarli-cli` (lib) generated 21 warnings
warning: unused import: `CommandFactory`
  --> crates/yarli-cli/src/main.rs:64:12
   |
64 | use clap::{CommandFactory, Parser};
   |            ^^^^^^^^^^^^^^
   |
   = note: `#[warn(unused_imports)]` on by default

warning: `yarli-cli` (lib test) generated 3 warnings (1 duplicate)
warning: `yarli-cli` (bin "yarli") generated 1 warning
    Finished `test` profile [unoptimized + debuginfo] target(s) in 57.72s
     Running unittests src/lib.rs (target/debug/deps/yarli_api-6e2aa7cb321940ae)

running 6 tests
test server::tests::run_status_endpoint_returns_not_found_for_unknown_run ... ok
test server::tests::task_status_endpoint_rejects_invalid_task_id ... ok
test server::tests::health_endpoint_returns_ok ... ok
test server::tests::task_status_endpoint_replays_persisted_task_events ... ok
test server::tests::task_status_endpoint_returns_not_found_for_unknown_task ... ok
test server::tests::run_status_endpoint_replays_persisted_events ... ok

test result: ok. 6 passed; 0 failed; 0 ignored; 0 measured; 0 filtered out; finished in 0.00s

     Running tests/postgres_integration.rs (target/debug/deps/postgres_integration-48492f2728b030ca)

running 1 test
test run_and_task_status_reflect_writes_from_postgres ... ok

test result: ok. 1 passed; 0 failed; 0 ignored; 0 measured; 0 filtered out; finished in 1.52s

     Running unittests src/lib.rs (target/debug/deps/yarli_cli-312ebea373275c9c)

running 159 tests
test config::tests::backend_kind_as_str ... ok
test config::tests::backend_selection_for_in_memory ... ok
test config::tests::build_cli_command_applies_env_unset_prefix ... ok
test config::tests::postgres_backend_requires_database_url ... ok
test config::tests::resolve_execution_path_from_cwd_expands_tilde_prefix ... ok
test config::tests::run_effective_auto_advance_policy_respects_explicit_policy_and_legacy_toggle ... ok
test config::tests::cmd_init_refuses_overwrite_without_force ... ok
test config::tests::parallel_workspace_contract_requires_worktree_root_when_parallel_enabled ... ok
test dashboard::copy_mode::tests::activate_sets_active ... ok
test config::tests::cmd_init_force_overwrites_existing_file ... ok
test config::tests::missing_file_uses_defaults ... ok
test dashboard::copy_mode::tests::banner_when_active ... ok
test dashboard::copy_mode::tests::banner_when_inactive ... ok
test config::tests::snapshot_serializes_all_sections ... ok
test dashboard::copy_mode::tests::deactivate_clears_active ... ok
test dashboard::copy_mode::tests::default_is_inactive ... ok
test dashboard::copy_mode::tests::new_is_inactive ... ok
test dashboard::copy_mode::tests::status_indicator_when_active ... ok
test dashboard::copy_mode::tests::status_indicator_when_inactive ... ok
test config::tests::parallel_workspace_contract_allows_parallel_disabled_without_worktree_root ... ok
test dashboard::copy_mode::tests::strip_borders_follows_active ... ok
test config::tests::resolve_execution_path_from_cwd_expands_env_tokens ... ok
test dashboard::input::tests::collapse_expand_keys ... ok
test dashboard::input::tests::ctrl_c_always_quits ... ok
test dashboard::input::tests::ctrl_d_u_half_page ... ok
test config::tests::resolve_cli_invocation_config_rejects_invalid_env_unset_entries ... ok
test dashboard::input::tests::esc_dismisses_overlay ... ok
test dashboard::input::tests::jk_scroll_in_output_panel ... ok
test dashboard::input::tests::jk_select_in_task_list ... ok
test config::tests::cmd_init_writes_documented_config_template ... ok
test dashboard::input::tests::number_keys_jump_to_panel ... ok
test dashboard::input::tests::q_quits ... ok
test dashboard::input::tests::shift_tab_cycles_backward ... ok
test dashboard::input::tests::tab_cycles_focus ... ok
test dashboard::input::tests::toggle_copy_mode ... ok
test dashboard::input::tests::toggle_help ... ok
test dashboard::input::tests::unknown_key_returns_none ... ok
test dashboard::overlay::tests::clear_removes_all ... ok
test dashboard::overlay::tests::compute_rect_centered ... ok
test dashboard::overlay::tests::compute_rect_small_terminal ... ok
test dashboard::overlay::tests::confirm_entry_content ... ok
test dashboard::overlay::tests::default_stack_is_empty ... ok
test dashboard::overlay::tests::dismiss_by_kind ... ok
test dashboard::overlay::tests::gate_detail_entry_content ... ok
test dashboard::overlay::tests::iter_returns_bottom_to_top ... ok
test dashboard::overlay::tests::new_stack_is_empty ... ok
test dashboard::overlay::tests::overlay_kind_titles ... ok
test dashboard::overlay::tests::pop_removes_topmost ... ok
test dashboard::overlay::tests::push_and_top ... ok
test dashboard::input::tests::g_and_shift_g_scroll_extremes ... ok
test dashboard::overlay::tests::push_replaces_same_kind ... ok
test dashboard::overlay::tests::push_stacks_different_kinds ... ok
test dashboard::overlay::tests::toggle_dismisses_when_present ... ok
test dashboard::overlay::tests::toggle_pushes_when_absent ... ok
test dashboard::renderer::tests::build_explain_line_with_summary ... ok
test config::tests::parses_required_sections ... ok
test dashboard::renderer::tests::build_explain_line_with_transient_status ... ok
test dashboard::renderer::tests::build_explain_line_without_summary ... ok
test dashboard::renderer::tests::build_gate_lines_empty ... ok
test dashboard::renderer::tests::build_gate_lines_with_results ... ok
test dashboard::renderer::tests::build_help_text_contains_shortcuts ... ok
test dashboard::renderer::tests::build_help_text_not_empty ... ok
test dashboard::renderer::tests::build_key_hints_contains_shortcuts ... ok
test dashboard::renderer::tests::build_key_hints_copy_mode ... ok
test dashboard::renderer::tests::build_output_lines_empty ... ok
test dashboard::renderer::tests::build_output_lines_with_content ... ok
test dashboard::renderer::tests::build_task_list_empty ... ok
test dashboard::renderer::tests::build_task_list_with_tasks ... ok
test dashboard::renderer::tests::build_title_line_no_run ... ok
test dashboard::renderer::tests::build_title_line_with_run ... ok
test dashboard::renderer::tests::format_compact_duration_hours ... ok
test dashboard::renderer::tests::format_compact_duration_minutes ... ok
test dashboard::renderer::tests::format_compact_duration_seconds ... ok
test dashboard::state::tests::append_output_for_selected_task ... ok
test dashboard::state::tests::collapse_focused_moves_focus_when_hidden ... ok
test dashboard::state::tests::focus_cycling ... ok
test dashboard::state::tests::focus_panel_by_shortcut ... ok
test dashboard::state::tests::focus_panel_ignores_hidden ... ok
test dashboard::state::tests::focus_prev_cycling ... ok
test dashboard::state::tests::focus_skips_hidden_panels ... ok
test dashboard::state::tests::output_auto_scroll_disengages_on_scroll_up ... ok
test dashboard::state::tests::output_persists_across_task_switch ... ok
test dashboard::state::tests::panel_id_titles_and_shortcuts ... ok
test dashboard::state::tests::panel_state_collapse_cycle ... ok
test dashboard::state::tests::panel_state_expand_cycle ... ok
test dashboard::state::tests::restore_all_resets_panels ... ok
test dashboard::state::tests::scroll_up_down ... ok
test dashboard::state::tests::task_selection ... ok
test dashboard::state::tests::task_summary_counts ... ok
test dashboard::widgets::tests::borderless_min_height ... ok
test dashboard::widgets::tests::collapsed_renders_in_one_line ... ok
test dashboard::widgets::tests::borderless_renders_without_borders ... ok
test dashboard::widgets::tests::min_height_by_state ... ok
test dashboard::widgets::tests::hidden_renders_nothing ... ok
test mode::tests::auto_detect_large_tty_returns_dashboard ... ok
test dashboard::widgets::tests::expanded_renders_block_with_content ... ok
test mode::tests::auto_detect_narrow_returns_stream ... ok
test mode::tests::auto_detect_pipe_returns_stream ... ok
test dashboard::widgets::tests::scroll_offset_skips_lines ... ok
test mode::tests::auto_detect_short_returns_stream ... ok
test mode::tests::auto_detect_small_tty_returns_stream ... ok
test mode::tests::exact_minimum_supports_dashboard ... ok
test mode::tests::force_stream_always_stream ... ok
test mode::tests::force_stream_wins_over_tui ... ok
test mode::tests::force_tui_errors_on_small_terminal ... ok
test mode::tests::force_tui_returns_dashboard_on_large_tty ... ok
test mode::tests::large_tty_supports_dashboard ... ok
test mode::tests::narrow_tty_does_not_support_dashboard ... ok
test mode::tests::pipe_does_not_support_dashboard ... ok
21:58:23 task/test TaskExecuting -> TaskFailed (2.0s), exit 1, nonzero exit [aaee766b-2cdb-4022-91ad-0a5669a3471d]
21:58:23 task/build TaskExecuting -> TaskComplete (5.0s), exit 0 [8fc8f335-5c9a-4160-b2f4-1a1cc709d5e8]
{"run_id":"019c634f-d9c6-7083-b77d-73490c95a8be","objective":"test","exit_state":"RUN_OPEN","exit_reason":null,"cancellation_source":null,"cancellation_provenance":null,"completed_at":"2026-02-15T21:58:23.430504067Z","tasks":[{"task_id":"019c634f-d9c6-7083-b77d-736c8f548050","task_key":"build","state":"TASK_COMPLETE","attempt_no":1,"last_error":null,"blocker":null}],"summary":{"total":1,"completed":1,"failed":0,"cancelled":0,"pending":0},"next_tranche":null,"quality_gate":null}
  [test mode::tests::short_tty_does_not_support_dashboard ... buildok] 
Compiling yarli v0.1.0
test mode::tests::small_tty_does_not_support_dashboard ... ok
test prompt::tests::extracts_single_run_spec_block ... ok
test prompt::tests::accepts_explicit_tranche_sequence ... ok
test stream::events::tests::task_view_active_states ... ok
21:58:23 run/4ecffe5783c3 RunOpen -> RunActive (started)
21:58:23 task/task TaskExecuting -> TaskComplete, exit 0 [3cc996e1-8388-4eb9-aa5f-84811921bde9]test prompt::tests::parses_plan_guard_verify_only_mode ... 
ok
21:58:23 task/task TaskExecuting -> TaskComplete, exit 0 [9c388d50-e29e-4fa5-991f-a95fe46415ba]
21:58:23 task/task TaskExecuting -> TaskComplete, exit 0 [dc0ac69a-8b04-4bf8-8f44-f7cb666bc74c]
21:58:23 task/fail TaskExecuting -> TaskFailed, exit 1 [0e553133-e3ae-490b-ace2-174f9e2a677c]
21:58:23 task/cancel TaskExecuting -> TaskCancelled [09af7c44-5d3b-4120-97c8-daae2b24debd]
test stream::headless::tests::headless_counts_failed_tasks ... ok
test stream::events::tests::task_view_terminal_states ... ok
test stream::headless::tests::headless_counts_complete_tasks ... ok
test stream::headless::tests::headless_handles_run_exited_without_panic ... ok
21:58:23 run/9d4966b11269 started: test
21:58:23 task/retryable TaskExecuting -> TaskFailed, exit 1 [d275983e-64cf-4428-bb24-c25143328c92]test stream::headless::tests::headless_forwards_command_output ... 
ok
21:58:23 task/build TaskExecuting -> TaskComplete, exit 0 [2459de6e-be83-43d8-9fb7-e1fa3f9b4225]
test stream::headless::tests::headless_handles_run_transition ... ok
21:58:23 run/2fa1551ec390 started: build everything
test prompt::tests::accepts_minimal_run_spec_without_tasks_for_config_first_mode ... ok
test prompt::tests::optional_loader_accepts_plain_prompt_without_run_spec_block ... ok
test stream::renderer::tests::ascii_progress_counts_all_terminal_states ... ok
{"run_id":"9c2240cf-c145-441d-aa96-dae475fbab18","objective":"retry flow","exit_state":"RUN_COMPLETED","exit_reason":null,"cancellation_source":null,"cancellation_provenance":null,"completed_at":"2026-02-15T21:58:23.430866892Z","tasks":[],"summary":{"total":1,"completed":1,"failed":0,"cancelled":0,"pending":0},"next_tranche":{"suggested_objective":"next","kind":"planned_next","retry_task_keys":[],"unfinished_task_keys":[],"planned_task_keys":["t2"],"planned_tranche_key":"t2","cursor":null,"config_snapshot":{}},"quality_gate":null}
test stream::renderer::tests::ascii_progress_formats_empty_snapshot ... ok
test stream::headless::tests::headless_summary_reflects_all_events ... ok
test stream::renderer::tests::ascii_progress_formats_partial_completion ... ok
test stream::renderer::tests::format_duration_long ... ok
test stream::headless::tests::headless_summary_includes_run_id ... ok
test prompt::tests::strict_loader_still_rejects_missing_run_spec_block ... ok
test stream::headless::tests::headless_records_run_id_from_run_started ... ok
test stream::renderer::tests::display_run_id_uses_compact_prefix ... ok
test stream::renderer::tests::tier_for_active_run ... ok
test stream::headless::tests::run_exited_summary_overrides_transition_failure_counts ... ok
test stream::renderer::tests::format_duration_short ... ok
test prompt::tests::rejects_multiple_run_spec_blocks ... ok
test stream::renderer::tests::tier_for_blocked_run ... ok
test stream::renderer::tests::tier_for_complete_task ... ok
test stream::renderer::tests::tier_for_completed_run ... ok
test prompt::tests::include_expands_and_is_confined ... ok
test stream::renderer::tests::tier_for_executing_task ... ok
test stream::spinner::tests::all_frames_are_unique ... ok
test stream::renderer::tests::format_duration_zero ... ok
test stream::renderer::tests::tier_for_failed_task ... ok
test stream::renderer::tests::transient_status_line_always_emits_operator_messages ... ok
test stream::renderer::tests::transient_status_line_throttles_regular_heartbeats ... ok
test stream::renderer::tests::format_duration_medium ... ok
test stream::spinner::tests::spinner_cycles_through_frames ... ok
test stream::spinner::tests::spinner_wraps_around ... ok
test stream::style::tests::active_accent_is_cyan ... ok
test stream::style::tests::active_is_bold_white ... ok
test stream::style::tests::background_is_dim_dark_gray ... ok
test stream::style::tests::contextual_is_dark_gray ... ok
test stream::style::tests::urgent_accent_is_yellow ... ok
test stream::style::tests::urgent_is_bold_red ... ok
test prompt::tests::rejects_empty_plan_guard_target ... ok
test prompt::tests::rejects_duplicate_tranche_task_keys ... ok
test mode::tests::terminal_info_detect_does_not_panic ... ok
test config::tests::init_help_lists_all_tunable_properties ... ok

test result: ok. 159 passed; 0 failed; 0 ignored; 0 measured; 0 filtered out; finished in 0.01s

     Running unittests src/main.rs (target/debug/deps/yarli-e7ccb7fbb517fbd2)

running 199 tests
test config::tests::backend_kind_as_str ... ok
test config::tests::backend_selection_for_in_memory ... ok
test config::tests::build_cli_command_applies_env_unset_prefix ... ok
test config::tests::postgres_backend_requires_database_url ... ok
test config::tests::cmd_init_writes_documented_config_template ... ok
test config::tests::cmd_init_refuses_overwrite_without_force ... ok
test config::tests::run_effective_auto_advance_policy_respects_explicit_policy_and_legacy_toggle ... ok
test tests::all_gate_names_covers_all_gate_types ... ok
test config::tests::resolve_execution_path_from_cwd_expands_tilde_prefix ... ok
test tests::auto_advance_policy_always_overrides_quality_gate ... ok
test tests::auto_advance_requires_planned_next_and_allowed_quality_gate ... ok
test tests::auto_advance_blocks_gate_retry_tranche ... ok
test config::tests::missing_file_uses_defaults ... ok
test config::tests::parallel_workspace_contract_allows_parallel_disabled_without_worktree_root ... ok
test config::tests::cmd_init_force_overwrites_existing_file ... ok
test tests::auto_advance_respects_max_tranche_cap ... ok
test tests::auto_advance_blocks_stable_quality_gate ... ok
test config::tests::resolve_execution_path_from_cwd_expands_env_tokens ... ok
test config::tests::snapshot_serializes_all_sections ... ok
test tests::cmd_gate_list_task_level ... ok
test tests::cmd_gate_list_run_level ... ok
test tests::cmd_gate_rerun_rejects_unknown_gate ... ok
test tests::cmd_gate_rerun_rejects_invalid_uuid ... ok
test tests::cmd_gate_rerun_accepts_valid_gate ... ok
test tests::cmd_gate_rerun_blocks_in_memory_writes_by_default ... ok
test tests::cmd_merge_approve_rejects_invalid_uuid ... ok
test tests::cmd_merge_reject_rejects_invalid_uuid ... ok
test tests::cmd_merge_request_blocks_in_memory_writes_by_default ... ok
test tests::cmd_merge_request_rejects_invalid_strategy ... ok
test tests::cmd_merge_request_rejects_invalid_uuid ... ok
test tests::cmd_merge_status_rejects_invalid_uuid ... ok
test tests::cmd_run_explain_rejects_invalid_uuid ... ok
test tests::cmd_run_status_rejects_invalid_uuid ... ok
test tests::cmd_audit_tail_nonexistent_file ... ok
test config::tests::parallel_workspace_contract_requires_worktree_root_when_parallel_enabled ... ok
test tests::cmd_task_explain_rejects_invalid_uuid ... ok
test tests::cmd_task_list_rejects_invalid_uuid ... ok
test tests::cmd_audit_tail_empty_file ... ok
test config::tests::resolve_cli_invocation_config_rejects_invalid_env_unset_entries ... ok
test tests::auto_complete_structured_tranche_marks_matching_key_using_prompt_root ... ok
test tests::cmd_task_unblock_rejects_invalid_uuid ... ok
test tests::auto_complete_structured_tranche_skips_verification_tranche ... ok
test tests::cmd_audit_tail_filters_by_category ... ok
test tests::cmd_audit_tail_reads_entries ... ok
test tests::cmd_task_unblock_blocks_in_memory_writes_by_default ... ok
test tests::cmd_audit_tail_all_entries_with_zero_limit ... ok
test tests::cmd_worktree_recover_rejects_invalid_action ... ok
test tests::cmd_worktree_status_rejects_invalid_uuid ... ok
test tests::build_plan_driven_prefers_structured_file ... ok
test tests::compute_quality_gate_allows_stable_when_policy_enabled ... ok
test tests::cmd_worktree_recover_blocks_in_memory_writes_by_default ... ok
test tests::compute_quality_gate_blocks_stable_when_policy_disabled ... ok
test tests::continuation_no_tranche_when_all_complete ... ok
test tests::cmd_audit_tail_limits_output ... ok
test tests::cancel_active_run_persists_cancelled_transitions ... ok
test tests::continuation_tranche_includes_failed_and_unfinished ... ok
test tests::discover_plan_dispatch_entries_falls_back_when_section_missing ... ok
test tests::discover_plan_dispatch_entries_i_prefix_backward_compat ... ok
test tests::discover_plan_dispatch_entries_mixed_complete_and_pending ... ok
test tests::discover_plan_dispatch_entries_recognizes_next_priority_actions_header ... ok
test tests::discover_plan_dispatch_entries_parses_tp_keys_under_next_work_tranches ... ok
test tests::continuation_payload_round_trips_through_file ... ok
test tests::deterioration_observer_emits_incremental_events ... ok
test tests::continuation_planned_next_resolves_command_from_task_catalog ... ok
test tests::discover_plan_entries_extracts_allowed_paths_metadata ... ok
test tests::discover_plan_entries_extracts_tranche_group_metadata ... ok
test tests::discover_plan_dispatch_entries_prefers_next_work_tranches_section ... ok
test tests::event_to_stream_event_maps_command_output_chunks_to_task_output ... ok
test tests::event_to_stream_event_skips_empty_command_output_chunks ... ok
test tests::event_to_stream_event_maps_observer_progress_to_transient_status ... ok
test tests::emit_initial_stream_state_emits_run_and_task_discovery ... ok
test tests::deterioration_scoring_distinguishes_stable_vs_deteriorating_trails ... ok
test tests::execute_merge_approve_in_observe_mode_blocks_and_audits ... ok
test tests::execute_merge_request_persists_requested_event ... ok
test tests::execute_gate_rerun_persists_single_gate_evaluation ... ok
test tests::execute_task_unblock_appends_unblocked_event ... ok
test tests::execute_run_pause_and_resume_controls_append_operator_transitions ... ok
test tests::execute_gate_rerun_persists_all_default_task_gates ... ok
test tests::list_runs_by_latest_state_ignores_non_transition_events ... ok
test tests::incremental_event_cursor_reads_only_new_events ... ok
test tests::ensure_write_backend_guard_blocks_in_memory_writes_by_default ... ok
test tests::load_latest_continuation_payload_prefers_most_recent_event ... ok
test tests::load_latest_continuation_payload_skips_malformed_latest_event ... ok
test tests::execute_run_cancel_control_cancels_non_terminal_tasks_and_queue_entries ... ok
test tests::merge_run_specs_applies_prompt_overrides_on_top_of_config_defaults ... ok
test tests::operator_control_signal_ignores_non_operator_actor ... ok
test tests::ensure_write_backend_guard_allows_explicit_ephemeral_override ... ok
test tests::looks_like_uuid_detects_valid_uuids ... ok
test config::tests::parses_required_sections ... ok
test config::tests::init_help_lists_all_tunable_properties ... ok
test tests::merge_parallel_workspace_results_applies_permission_only_changes ... ok
test tests::drive_scheduler_captures_sw4rm_preemption_cancellation_source ... ok
test tests::drive_scheduler_captures_sigterm_cancellation_source ... ok
test tests::parse_gate_type_unknown_returns_none ... ok
test tests::parse_gate_type_valid_names ... ok
test tests::parse_plan_tranche_header_line_rejects_uuid_keys ... ok
test tests::plain_prompt_sequence_dispatches_expanded_prompt_text ... ok
test tests::plan_driven_sequence_builds_open_tranches_plus_verification ... ok
test tests::plan_driven_sequence_grouping_respects_max_grouped_tasks_per_tranche_cap ... ok
test tests::plan_driven_sequence_groups_adjacent_entries_by_tranche_group_when_enabled ... ok
test tests::plan_driven_sequence_ignores_stale_keys_in_non_header_evidence_lines ... ok
test tests::execute_worktree_recover_manual_block_persists_recovering_state ... ok
test tests::plan_driven_sequence_surfaces_allowed_paths_scope_when_enforced ... ok
test tests::merge_parallel_workspace_results_merges_staged_only_workspace_changes ... ok
test tests::plan_driven_sequence_runs_verification_only_when_no_open_tranches ... ok
test tests::plan_guard_preflight_allows_completed_implement_target_for_auto_verify ... ok
test tests::plan_guard_post_run_allows_same_prompt_after_completion ... ok
test tests::plan_driven_sequence_uses_tranches_file_near_resolved_plan_not_cwd ... ok
test tests::plan_target_completion_state_detects_status ... ok
test tests::plan_target_completion_state_supports_common_non_checkbox_format ... ok
test tests::plan_guard_preflight_allows_completed_target_with_verify_only_override ... ok
test tests::plan_guard_verify_only_requires_verification_objective_text ... ok
test tests::prepare_parallel_workspace_layout_ignores_excluded_names_in_repo_ancestors ... ok
test tests::read_continuation_payload_from_file_if_exists_reads_payload ... ok
test tests::prepare_parallel_workspace_layout_rejects_equal_root_and_workdir ... ok
test tests::read_continuation_payload_from_file_if_exists_returns_none_for_missing_file ... ok
test tests::render_run_explain_reads_persisted_gate_failures ... ok
test tests::render_run_explain_surfaces_budget_breach ... ok
test tests::render_run_explain_surfaces_deterioration_report ... ok
test tests::render_run_list_counts_tasks ... ok
test tests::render_run_list_empty_store ... ok
test tests::render_run_list_shows_active_run ... ok
test tests::render_run_list_updated_tracks_latest_task_event ... ok
test tests::render_merge_status_reads_persisted_events ... ok
test tests::render_run_status_reconstructs_persisted_state ... ok
test tests::prepare_parallel_workspace_layout_creates_task_workspaces ... ok
test tests::render_run_status_surfaces_deterioration_report ... ok
test tests::render_run_status_surfaces_budget_exceeded_and_token_usage ... ok
test tests::render_run_status_updated_tracks_latest_task_activity ... ok
test tests::render_run_status_surfaces_memory_hints ... ok
test tests::execute_merge_reject_persists_rejected_transition ... ok
test tests::render_run_status_surfaces_tranche_group_task_worker_mapping ... ok
test tests::render_task_explain_reads_persisted_gate_failures ... ok
test tests::render_worktree_status_reads_persisted_events ... ok
test tests::render_task_explain_surfaces_budget_breach_and_token_usage ... ok
test tests::resolve_prompt_rejects_empty_config_prompt_file ... ok
test tests::resolve_prompt_missing_configured_file_error_includes_resolved_path ... ok
test tests::resolve_prompt_cli_override_wins_over_config ... ok
test tests::resolve_prompt_relative_paths_fallback_to_config_dir_without_repo_root ... ok
test tests::resolve_render_mode_cli_flags_override_configured_ui_mode ... ok
test tests::resolve_prompt_relative_paths_use_repo_root_before_config_dir ... ok
test tests::resolve_render_mode_uses_configured_ui_mode_when_flags_absent ... ok
test tests::resolve_run_id_input_accepts_unique_prefix ... ok
test tests::resolve_run_id_input_rejects_ambiguous_prefix ... ok
test tests::resolve_run_id_input_rejects_unknown_prefix ... ok
test tests::resolve_run_plan_batch_defaults_to_batch_pace_name ... ok
test tests::resolve_run_plan_rejects_cmd_and_pace ... ok
test tests::resolve_run_plan_batch_falls_back_to_default_pace_when_batch_not_defined ... ok
test tests::resolve_run_plan_start_without_cmd_uses_run_default_pace ... ok
test tests::resolve_workspace_copy_exclusions_supports_paths_and_dir_names ... ok
test tests::root_help_mentions_prompt_default_behavior ... ok
test tests::resolve_run_plan_uses_named_pace_for_commands_and_overrides ... ok
test tests::resolve_prompt_uses_config_prompt_file_when_set ... ok
test tests::resolve_prompt_defaults_to_prompt_md_lookup ... ok
test tests::run_config_has_run_spec_data_detects_configured_sections ... ok
test tests::run_config_snapshot_records_resolved_prompt_entry_path ... ok
test tests::run_status_displays_blocker_detail ... ok
test tests::run_status_and_explain_surface_cancel_provenance_summary ... ok
test tests::run_spec_from_run_config_maps_tasks_tranches_and_plan_guard ... ok
test tests::run_help_mentions_prompt_resolution_precedence ... ok
test tests::stream_task_catalog_entries_extracts_task_ids_and_keys ... ok
test tests::task_annotate_nonexistent_task_returns_not_found ... ok
test tests::run_status_displays_last_error ... ok
test tests::task_catalog_entries_from_event_extracts_workspace_dir ... ok
test tests::structured_fallback_to_markdown ... ok
test tests::parallel_workspace_merge_with_prior_dirty_state_and_context_drift ... ok
test tests::task_annotate_persists_and_displays_in_explain ... ok
test tests::tranches_file_to_entries_conversion ... ok
test tests::task_explain_displays_last_error ... ok
test tests::validate_tranche_definition_accepts_valid_keys ... ok
test tests::merge_parallel_workspace_results_applies_non_conflicting_workspace_changes ... ok
test tests::validate_tranche_definition_rejects_alpha_only ... ok
test tests::validate_tranche_definition_rejects_reserved_prefix ... ok
test tests::validate_tranche_definition_rejects_uuid ... ok
test tests::validate_tranche_keys_allows_valid_keys ... ok
test tests::validate_tranche_keys_rejects_app_prefix ... ok
test tests::validate_tranche_keys_rejects_run_prefix ... ok
test tests::validate_tranche_keys_rejects_uuid ... ok
test tests::validate_tranche_keys_rejects_target_prefix ... ok
test tests::unique_run_id_prefixes_expand_on_collision ... ok
test tests::verification_only_dispatch_rejects_multi_tranche_plan ... ok
test tests::validate_tranche_keys_rejects_empty ... ok
test tests::verification_only_dispatch_detects_single_verification_tranche ... ok
test tests::version_includes_build_provenance_fields ... ok
test tests::tranches_file_toml_roundtrip ... ok
test tests::merge_parallel_workspace_results_ignores_baseline_untracked_artifacts ... ok
test tests::merge_parallel_workspace_results_merges_non_overlapping_hunks_in_same_file ... ok
test tests::merge_parallel_workspace_results_returns_error_on_conflicting_workspace_changes ... ok
test tests::execute_worktree_recover_abort_persists_state_and_updates_status_projection ... ok
test tests::parallel_workspace_merge_dirty_state_overlapping_with_workspace ... ok
test tests::parallel_workspace_merge_overlapping_new_files_and_edits ... ok
test tests::parallel_worktree_end_to_end_conflicting_edits ... ok
test tests::merge_parallel_workspace_results_ignores_unrelated_tracked_drift ... ok
test tests::parallel_workspace_edge_cases_combined ... ok
test tests::parallel_workspace_merge_with_preexisting_uncommitted_dirty_state ... ok
test tests::parallel_workspace_merge_three_workspaces_with_new_file ... ok
test tests::parallel_worktree_end_to_end_create_execute_merge ... ok
test tests::execute_merge_approve_persists_policy_and_transition_events ... ok
test tests::drive_scheduler_captures_operator_cancellation_source ... ok

test result: ok. 199 passed; 0 failed; 0 ignored; 0 measured; 0 filtered out; finished in 1.04s

     Running tests/postgres_integration.rs (target/debug/deps/postgres_integration-4dfb5948e98091f1)

running 2 tests
test run_start_and_status_roundtrip_against_postgres ... FAILED
test merge_request_and_status_roundtrip_against_postgres ... ok

failures:

---- run_start_and_status_roundtrip_against_postgres stdout ----

thread 'run_start_and_status_roundtrip_against_postgres' panicked at crates/yarli-cli/tests/postgres_integration.rs:117:5:
run start command failed
stdout:
2026-02-15T21:58:25.928496Z ERROR `yarli run` requires `[execution].worktree_root` when `[features].parallel = true`.
Update yarli.toml with:

[execution]
worktree_root = ".yarl/workspaces"

stderr:

note: run with `RUST_BACKTRACE=1` environment variable to display a backtrace


failures:
    run_start_and_status_roundtrip_against_postgres

test result: FAILED. 1 passed; 1 failed; 0 ignored; 0 measured; 0 filtered out; finished in 2.09s

error: test failed, to rerun pass `-p yarli-cli --test postgres_integration`
