   Compiling serde_core v1.0.228
   Compiling smallvec v1.15.1
   Compiling serde v1.0.228
   Compiling serde_json v1.0.149
   Compiling syn v2.0.114
   Compiling num-traits v0.2.19
   Compiling memchr v2.8.0
   Compiling parking_lot_core v0.9.12
   Compiling parking_lot v0.12.5
   Compiling crossterm v0.28.1
   Compiling uuid v1.20.0
   Compiling serde_derive v1.0.228
   Compiling futures-macro v0.3.31
   Compiling tokio-macros v2.6.0
   Compiling tracing-attributes v0.1.31
   Compiling thiserror-impl v2.0.18
   Compiling tokio v1.49.0
   Compiling futures-util v0.3.31
   Compiling tracing v0.1.44
   Compiling thiserror v2.0.18
   Compiling chrono v0.4.43
   Compiling tokio-util v0.7.18
   Compiling yarli-core v0.1.0 (/home/rahul/Documents/worktree/yarli/run-019c634e-cd7e-7aa3-ac4b-d8ddeff4d643/001-tranche-005-card-r8-05/crates/yarli-core)
    Finished `test` profile [unoptimized + debuginfo] target(s) in 10.76s
     Running unittests src/lib.rs (target/debug/deps/yarli_core-436b0b1917127f25)

running 2 tests
test explain::tests::budget_exceeded_task_explain_surfaces_breach ... ok
test explain::tests::budget_exceeded_task_surfaces_breach_in_run_explain ... ok

test result: ok. 2 passed; 0 failed; 0 ignored; 0 measured; 122 filtered out; finished in 0.00s

   Doc-tests yarli_core

running 0 tests

test result: ok. 0 passed; 0 failed; 0 ignored; 0 measured; 0 filtered out; finished in 0.00s

