warning: constant `INIT_CONFIG_TEMPLATE` is never used
   --> crates/yarli-cli/src/cli.rs:186:7
    |
186 | const INIT_CONFIG_TEMPLATE: &str = r#"# YARLI runtime configuration
    |       ^^^^^^^^^^^^^^^^^^^^
    |
    = note: `#[warn(dead_code)]` on by default

warning: function `init_config_template` is never used
   --> crates/yarli-cli/src/cli.rs:368:15
    |
368 | pub(crate) fn init_config_template(backend: Option<InitBackend>) -> String {
    |               ^^^^^^^^^^^^^^^^^^^^

warning: function `replace_between` is never used
   --> crates/yarli-cli/src/cli.rs:452:15
    |
452 | pub(crate) fn replace_between(haystack: &str, begin: &str, end: &str, replacement: &str) -> String {
    |               ^^^^^^^^^^^^^^^

warning: function `cmd_init` is never used
  --> crates/yarli-cli/src/config.rs:15:15
   |
15 | pub(crate) fn cmd_init(
   |               ^^^^^^^^

warning: struct `CliInvocationConfig` is never constructed
  --> crates/yarli-cli/src/config.rs:51:19
   |
51 | pub(crate) struct CliInvocationConfig {
   |                   ^^^^^^^^^^^^^^^^^^^

warning: struct `AutoAdvanceConfig` is never constructed
  --> crates/yarli-cli/src/config.rs:59:19
   |
59 | pub(crate) struct AutoAdvanceConfig {
   |                   ^^^^^^^^^^^^^^^^^

warning: associated items `from_loaded` and `max_reached` are never used
  --> crates/yarli-cli/src/config.rs:65:19
   |
64 | impl AutoAdvanceConfig {
   | ---------------------- associated items in this implementation
65 |     pub(crate) fn from_loaded(loaded_config: &LoadedConfig) -> Self {
   |                   ^^^^^^^^^^^
...
72 |     pub(crate) fn max_reached(self, advances_taken: usize) -> bool {
   |                   ^^^^^^^^^^^

warning: function `configured_parallel_worktree_root` is never used
  --> crates/yarli-cli/src/config.rs:77:15
   |
77 | pub(crate) fn configured_parallel_worktree_root(loaded_config: &LoadedConfig) -> Option<String> {
   |               ^^^^^^^^^^^^^^^^^^^^^^^^^^^^^^^^^

warning: function `resolve_path_from_cwd` is never used
  --> crates/yarli-cli/src/config.rs:88:4
   |
88 | fn resolve_path_from_cwd(path: &Path) -> Result<PathBuf> {
   |    ^^^^^^^^^^^^^^^^^^^^^

warning: function `home_directory_for_expansion` is never used
  --> crates/yarli-cli/src/config.rs:98:4
   |
98 | fn home_directory_for_expansion() -> Option<PathBuf> {
   |    ^^^^^^^^^^^^^^^^^^^^^^^^^^^^

warning: function `is_env_var_name_start` is never used
   --> crates/yarli-cli/src/config.rs:111:4
    |
111 | fn is_env_var_name_start(ch: char) -> bool {
    |    ^^^^^^^^^^^^^^^^^^^^^

warning: function `is_env_var_name_continue` is never used
   --> crates/yarli-cli/src/config.rs:115:4
    |
115 | fn is_env_var_name_continue(ch: char) -> bool {
    |    ^^^^^^^^^^^^^^^^^^^^^^^^

warning: function `expand_env_variables` is never used
   --> crates/yarli-cli/src/config.rs:119:4
    |
119 | fn expand_env_variables(raw: &str) -> String {
    |    ^^^^^^^^^^^^^^^^^^^^

warning: function `expand_home_prefix` is never used
   --> crates/yarli-cli/src/config.rs:213:4
    |
213 | fn expand_home_prefix(path: &str) -> Result<PathBuf> {
    |    ^^^^^^^^^^^^^^^^^^

warning: function `resolve_execution_path_from_cwd` is never used
   --> crates/yarli-cli/src/config.rs:232:15
    |
232 | pub(crate) fn resolve_execution_path_from_cwd(
    |               ^^^^^^^^^^^^^^^^^^^^^^^^^^^^^^^

warning: function `ensure_parallel_workspace_contract` is never used
   --> crates/yarli-cli/src/config.rs:256:15
    |
256 | pub(crate) fn ensure_parallel_workspace_contract(loaded_config: &LoadedConfig) -> Result<()> {
    |               ^^^^^^^^^^^^^^^^^^^^^^^^^^^^^^^^^^

warning: function `default_cli_command_for_backend` is never used
   --> crates/yarli-cli/src/config.rs:271:4
    |
271 | fn default_cli_command_for_backend(backend: &str) -> Option<String> {
    |    ^^^^^^^^^^^^^^^^^^^^^^^^^^^^^^^

warning: function `resolve_cli_invocation_config` is never used
   --> crates/yarli-cli/src/config.rs:280:15
    |
280 | pub(crate) fn resolve_cli_invocation_config(
    |               ^^^^^^^^^^^^^^^^^^^^^^^^^^^^^

warning: function `is_valid_env_var_name` is never used
   --> crates/yarli-cli/src/config.rs:320:4
    |
320 | fn is_valid_env_var_name(name: &str) -> bool {
    |    ^^^^^^^^^^^^^^^^^^^^^

warning: function `shell_quote` is never used
   --> crates/yarli-cli/src/config.rs:331:4
    |
331 | fn shell_quote(value: &str) -> String {
    |    ^^^^^^^^^^^

warning: function `build_cli_command` is never used
   --> crates/yarli-cli/src/config.rs:339:15
    |
339 | pub(crate) fn build_cli_command(invocation: &CliInvocationConfig, prompt_text: &str) -> String {
    |               ^^^^^^^^^^^^^^^^^

   Compiling yarli-cli v0.1.0 (/home/rahul/Documents/worktree/yarli/run-019c634e-cd7e-7aa3-ac4b-d8ddeff4d643/001-tranche-005-card-r8-05/crates/yarli-cli)
warning: `yarli-cli` (lib) generated 21 warnings
warning: unused import: `CommandFactory`
  --> crates/yarli-cli/src/main.rs:64:12
   |
64 | use clap::{CommandFactory, Parser};
   |            ^^^^^^^^^^^^^^
   |
   = note: `#[warn(unused_imports)]` on by default

warning: `yarli-cli` (bin "yarli") generated 1 warning
warning: struct `AutoAdvanceConfig` is never constructed
  --> crates/yarli-cli/src/config.rs:59:19
   |
59 | pub(crate) struct AutoAdvanceConfig {
   |                   ^^^^^^^^^^^^^^^^^
   |
   = note: `#[warn(dead_code)]` on by default

warning: function `make_renderer_and_channel` is never used
   --> crates/yarli-cli/src/stream/headless.rs:253:8
    |
253 |     fn make_renderer_and_channel() -> (HeadlessRenderer, mpsc::UnboundedSender<StreamEvent>) {
    |        ^^^^^^^^^^^^^^^^^^^^^^^^^

warning: `yarli-cli` (lib test) generated 3 warnings (1 duplicate)
    Finished `test` profile [unoptimized + debuginfo] target(s) in 10.30s
     Running unittests src/lib.rs (target/debug/deps/yarli_cli-d4c7e5c3c5743529)

running 0 tests

test result: ok. 0 passed; 0 failed; 0 ignored; 0 measured; 159 filtered out; finished in 0.00s

     Running unittests src/main.rs (target/debug/deps/yarli-c4dfb0c89676974f)

running 3 tests
test tests::render_task_explain_surfaces_budget_breach_and_token_usage ... ok
test tests::render_run_explain_surfaces_budget_breach ... ok
test tests::render_run_status_surfaces_budget_exceeded_and_token_usage ... ok

test result: ok. 3 passed; 0 failed; 0 ignored; 0 measured; 196 filtered out; finished in 0.00s

     Running tests/postgres_integration.rs (target/debug/deps/postgres_integration-5b0c0a3f5d757cfe)

running 0 tests

test result: ok. 0 passed; 0 failed; 0 ignored; 0 measured; 2 filtered out; finished in 0.00s

   Doc-tests yarli_cli

running 0 tests

test result: ok. 0 passed; 0 failed; 0 ignored; 0 measured; 0 filtered out; finished in 0.00s

