    Blocking waiting for file lock on package cache
    Blocking waiting for file lock on build directory
    Checking yarli-core v0.1.0 (/home/rahul/Documents/yarl/crates/yarli-core)
error: very complex type used. Consider factoring parts into `type` definitions
   --> crates/yarli-core/src/shutdown.rs:485:33
    |
485 |   fn capture_process_context() -> (
    |  _________________________________^
486 | |     Option<u32>,
487 | |     Option<u32>,
488 | |     Option<u32>,
489 | |     Option<u32>,
490 | |     Option<String>,
491 | | ) {
    | |_^
    |
    = help: for further information visit https://rust-lang.github.io/rust-clippy/master/index.html#type_complexity
    = note: `-D clippy::type-complexity` implied by `-D warnings`
    = help: to override `-D warnings` add `#[allow(clippy::type_complexity)]`

error: could not compile `yarli-core` (lib) due to 1 previous error
warning: build failed, waiting for other jobs to finish...
error: could not compile `yarli-core` (lib test) due to 1 previous error
