    Blocking waiting for file lock on package cache
    Blocking waiting for file lock on package cache
    Blocking waiting for file lock on package cache
    Blocking waiting for file lock on build directory
    Finished `test` profile [unoptimized + debuginfo] target(s) in 1.75s
     Running unittests src/lib.rs (target/debug/deps/yarli_api-85fd6985f64f261e)

running 6 tests
test server::tests::health_endpoint_returns_ok ... ok
test server::tests::run_status_endpoint_returns_not_found_for_unknown_run ... ok
test server::tests::task_status_endpoint_returns_not_found_for_unknown_task ... ok
test server::tests::task_status_endpoint_rejects_invalid_task_id ... ok
test server::tests::task_status_endpoint_replays_persisted_task_events ... ok
test server::tests::run_status_endpoint_replays_persisted_events ... ok

test result: ok. 6 passed; 0 failed; 0 ignored; 0 measured; 0 filtered out; finished in 0.00s

     Running tests/postgres_integration.rs (target/debug/deps/postgres_integration-f7194f23638b2ae2)

running 1 test
test run_and_task_status_reflect_writes_from_postgres ... ok

test result: ok. 1 passed; 0 failed; 0 ignored; 0 measured; 0 filtered out; finished in 1.25s

   Doc-tests yarli_api

running 0 tests

test result: ok. 0 passed; 0 failed; 0 ignored; 0 measured; 0 filtered out; finished in 0.00s

